nohup: ignoring input
eval_it_pool:  [0, 10, 20, 30, 40, 50, 60, 70, 80, 90, 100, 110, 120, 130, 140, 150, 160, 170, 180, 190, 200, 210, 220, 230, 240, 250, 260, 270, 280, 290, 300]
Files already downloaded and verified
Files already downloaded and verified

================== Exp 0 ==================
 
Hyper-parameters: 
 {'method': 'DC', 'dataset': 'CIFAR100_herding', 'model': 'ConvNet', 'ipc': 10, 'eval_mode': 'S', 'num_exp': 1, 'num_eval': 1, 'epoch_eval_train': 5, 'Iteration': 300, 'lr_img': 0.1, 'lr_net': 0.01, 'batch_real': 256, 'batch_train': 256, 'init': 'herding', 'dsa_strategy': 'None', 'data_path': '../data', 'save_path': 'result', 'dis_metric': 'ours', 'epsilon': 0.1, 'alpha': 0.05, 'outer_loop': 10, 'inner_loop': 50, 'device': 'cuda', 'dsa_param': <utils.ParamDiffAug object at 0x7ff75e70db40>, 'dsa': False}
Evaluation model pool:  ['ConvNet']
class c = 0: 500 real images
class c = 1: 500 real images
class c = 2: 500 real images
class c = 3: 500 real images
class c = 4: 500 real images
class c = 5: 500 real images
class c = 6: 500 real images
class c = 7: 500 real images
class c = 8: 500 real images
class c = 9: 500 real images
class c = 10: 500 real images
class c = 11: 500 real images
class c = 12: 500 real images
class c = 13: 500 real images
class c = 14: 500 real images
class c = 15: 500 real images
class c = 16: 500 real images
class c = 17: 500 real images
class c = 18: 500 real images
class c = 19: 500 real images
real images channel 0, mean = -0.0088, std = 1.0712
real images channel 1, mean = 0.0225, std = 1.0229
real images channel 2, mean = 0.0758, std = 1.0134
initialize synthetic data from selected images
[2022-12-08 02:03:53] training begins
-------------------------
Evaluation
model_train = ConvNet, model_eval = ConvNet, iteration = 0
DC augmentation parameters: 
 {'crop': 4, 'scale': 0.2, 'rotate': 45, 'noise': 0.001, 'strategy': 'none'}
[2022-12-08 02:04:02] Evaluate_00: epoch = 0300 train time = 8 s train loss = 0.012405 train acc = 1.0000, test acc = 0.0705
Evaluate 1 random ConvNet, mean = 0.0705 std = 0.0000
-------------------------
[2022-12-08 02:04:21] iter = 0000, loss = 218.7159
-------------------------
Evaluation
model_train = ConvNet, model_eval = ConvNet, iteration = 10
DC augmentation parameters: 
 {'crop': 4, 'scale': 0.2, 'rotate': 45, 'noise': 0.001, 'strategy': 'none'}
[2022-12-08 02:07:22] Evaluate_00: epoch = 0300 train time = 7 s train loss = 0.012547 train acc = 1.0000, test acc = 0.0785
Evaluate 1 random ConvNet, mean = 0.0785 std = 0.0000
-------------------------
[2022-12-08 02:07:41] iter = 0010, loss = 206.2997
-------------------------
Evaluation
model_train = ConvNet, model_eval = ConvNet, iteration = 20
DC augmentation parameters: 
 {'crop': 4, 'scale': 0.2, 'rotate': 45, 'noise': 0.001, 'strategy': 'none'}
[2022-12-08 02:10:42] Evaluate_00: epoch = 0300 train time = 7 s train loss = 0.012527 train acc = 1.0000, test acc = 0.0810
Evaluate 1 random ConvNet, mean = 0.0810 std = 0.0000
-------------------------
[2022-12-08 02:11:01] iter = 0020, loss = 201.3939
-------------------------
Evaluation
model_train = ConvNet, model_eval = ConvNet, iteration = 30
DC augmentation parameters: 
 {'crop': 4, 'scale': 0.2, 'rotate': 45, 'noise': 0.001, 'strategy': 'none'}
[2022-12-08 02:14:02] Evaluate_00: epoch = 0300 train time = 7 s train loss = 0.012660 train acc = 1.0000, test acc = 0.0835
Evaluate 1 random ConvNet, mean = 0.0835 std = 0.0000
-------------------------
[2022-12-08 02:14:21] iter = 0030, loss = 204.5198
-------------------------
Evaluation
model_train = ConvNet, model_eval = ConvNet, iteration = 40
DC augmentation parameters: 
 {'crop': 4, 'scale': 0.2, 'rotate': 45, 'noise': 0.001, 'strategy': 'none'}
[2022-12-08 02:17:22] Evaluate_00: epoch = 0300 train time = 7 s train loss = 0.012400 train acc = 1.0000, test acc = 0.0845
Evaluate 1 random ConvNet, mean = 0.0845 std = 0.0000
-------------------------
[2022-12-08 02:17:41] iter = 0040, loss = 206.8610
-------------------------
Evaluation
model_train = ConvNet, model_eval = ConvNet, iteration = 50
DC augmentation parameters: 
 {'crop': 4, 'scale': 0.2, 'rotate': 45, 'noise': 0.001, 'strategy': 'none'}
[2022-12-08 02:20:42] Evaluate_00: epoch = 0300 train time = 7 s train loss = 0.012459 train acc = 1.0000, test acc = 0.0870
Evaluate 1 random ConvNet, mean = 0.0870 std = 0.0000
-------------------------
[2022-12-08 02:21:01] iter = 0050, loss = 205.0767
-------------------------
Evaluation
model_train = ConvNet, model_eval = ConvNet, iteration = 60
DC augmentation parameters: 
 {'crop': 4, 'scale': 0.2, 'rotate': 45, 'noise': 0.001, 'strategy': 'none'}
[2022-12-08 02:24:02] Evaluate_00: epoch = 0300 train time = 7 s train loss = 0.012227 train acc = 1.0000, test acc = 0.0900
Evaluate 1 random ConvNet, mean = 0.0900 std = 0.0000
-------------------------
[2022-12-08 02:24:22] iter = 0060, loss = 206.1379
-------------------------
Evaluation
model_train = ConvNet, model_eval = ConvNet, iteration = 70
DC augmentation parameters: 
 {'crop': 4, 'scale': 0.2, 'rotate': 45, 'noise': 0.001, 'strategy': 'none'}
[2022-12-08 02:27:22] Evaluate_00: epoch = 0300 train time = 7 s train loss = 0.012751 train acc = 1.0000, test acc = 0.0880
Evaluate 1 random ConvNet, mean = 0.0880 std = 0.0000
-------------------------
[2022-12-08 02:27:41] iter = 0070, loss = 206.9322
-------------------------
Evaluation
model_train = ConvNet, model_eval = ConvNet, iteration = 80
DC augmentation parameters: 
 {'crop': 4, 'scale': 0.2, 'rotate': 45, 'noise': 0.001, 'strategy': 'none'}
[2022-12-08 02:30:42] Evaluate_00: epoch = 0300 train time = 7 s train loss = 0.012563 train acc = 1.0000, test acc = 0.0860
Evaluate 1 random ConvNet, mean = 0.0860 std = 0.0000
-------------------------
[2022-12-08 02:31:02] iter = 0080, loss = 208.0706
-------------------------
Evaluation
model_train = ConvNet, model_eval = ConvNet, iteration = 90
DC augmentation parameters: 
 {'crop': 4, 'scale': 0.2, 'rotate': 45, 'noise': 0.001, 'strategy': 'none'}
[2022-12-08 02:34:02] Evaluate_00: epoch = 0300 train time = 7 s train loss = 0.012452 train acc = 1.0000, test acc = 0.0865
Evaluate 1 random ConvNet, mean = 0.0865 std = 0.0000
-------------------------
[2022-12-08 02:34:22] iter = 0090, loss = 204.8086
-------------------------
Evaluation
model_train = ConvNet, model_eval = ConvNet, iteration = 100
DC augmentation parameters: 
 {'crop': 4, 'scale': 0.2, 'rotate': 45, 'noise': 0.001, 'strategy': 'none'}
[2022-12-08 02:37:22] Evaluate_00: epoch = 0300 train time = 7 s train loss = 0.012510 train acc = 1.0000, test acc = 0.0775
Evaluate 1 random ConvNet, mean = 0.0775 std = 0.0000
-------------------------
[2022-12-08 02:37:41] iter = 0100, loss = 202.9977
-------------------------
Evaluation
model_train = ConvNet, model_eval = ConvNet, iteration = 110
DC augmentation parameters: 
 {'crop': 4, 'scale': 0.2, 'rotate': 45, 'noise': 0.001, 'strategy': 'none'}
[2022-12-08 02:40:42] Evaluate_00: epoch = 0300 train time = 7 s train loss = 0.012201 train acc = 1.0000, test acc = 0.0930
Evaluate 1 random ConvNet, mean = 0.0930 std = 0.0000
-------------------------
[2022-12-08 02:41:01] iter = 0110, loss = 206.4680
-------------------------
Evaluation
model_train = ConvNet, model_eval = ConvNet, iteration = 120
DC augmentation parameters: 
 {'crop': 4, 'scale': 0.2, 'rotate': 45, 'noise': 0.001, 'strategy': 'none'}
[2022-12-08 02:44:03] Evaluate_00: epoch = 0300 train time = 7 s train loss = 0.012498 train acc = 1.0000, test acc = 0.0875
Evaluate 1 random ConvNet, mean = 0.0875 std = 0.0000
-------------------------
[2022-12-08 02:44:22] iter = 0120, loss = 202.1502
-------------------------
Evaluation
model_train = ConvNet, model_eval = ConvNet, iteration = 130
DC augmentation parameters: 
 {'crop': 4, 'scale': 0.2, 'rotate': 45, 'noise': 0.001, 'strategy': 'none'}
[2022-12-08 02:47:23] Evaluate_00: epoch = 0300 train time = 7 s train loss = 0.012484 train acc = 1.0000, test acc = 0.0795
Evaluate 1 random ConvNet, mean = 0.0795 std = 0.0000
-------------------------
[2022-12-08 02:47:42] iter = 0130, loss = 203.6862
-------------------------
Evaluation
model_train = ConvNet, model_eval = ConvNet, iteration = 140
DC augmentation parameters: 
 {'crop': 4, 'scale': 0.2, 'rotate': 45, 'noise': 0.001, 'strategy': 'none'}
[2022-12-08 02:50:43] Evaluate_00: epoch = 0300 train time = 7 s train loss = 0.012434 train acc = 1.0000, test acc = 0.0900
Evaluate 1 random ConvNet, mean = 0.0900 std = 0.0000
-------------------------
[2022-12-08 02:51:02] iter = 0140, loss = 206.1943
-------------------------
Evaluation
model_train = ConvNet, model_eval = ConvNet, iteration = 150
DC augmentation parameters: 
 {'crop': 4, 'scale': 0.2, 'rotate': 45, 'noise': 0.001, 'strategy': 'none'}
[2022-12-08 02:54:03] Evaluate_00: epoch = 0300 train time = 7 s train loss = 0.012246 train acc = 1.0000, test acc = 0.0870
Evaluate 1 random ConvNet, mean = 0.0870 std = 0.0000
-------------------------
[2022-12-08 02:54:22] iter = 0150, loss = 204.3739
-------------------------
Evaluation
model_train = ConvNet, model_eval = ConvNet, iteration = 160
DC augmentation parameters: 
 {'crop': 4, 'scale': 0.2, 'rotate': 45, 'noise': 0.001, 'strategy': 'none'}
[2022-12-08 02:57:23] Evaluate_00: epoch = 0300 train time = 7 s train loss = 0.012658 train acc = 1.0000, test acc = 0.0855
Evaluate 1 random ConvNet, mean = 0.0855 std = 0.0000
-------------------------
[2022-12-08 02:57:42] iter = 0160, loss = 205.3473
-------------------------
Evaluation
model_train = ConvNet, model_eval = ConvNet, iteration = 170
DC augmentation parameters: 
 {'crop': 4, 'scale': 0.2, 'rotate': 45, 'noise': 0.001, 'strategy': 'none'}
[2022-12-08 03:00:43] Evaluate_00: epoch = 0300 train time = 7 s train loss = 0.012512 train acc = 1.0000, test acc = 0.0855
Evaluate 1 random ConvNet, mean = 0.0855 std = 0.0000
-------------------------
[2022-12-08 03:01:02] iter = 0170, loss = 202.7157
-------------------------
Evaluation
model_train = ConvNet, model_eval = ConvNet, iteration = 180
DC augmentation parameters: 
 {'crop': 4, 'scale': 0.2, 'rotate': 45, 'noise': 0.001, 'strategy': 'none'}
[2022-12-08 03:04:03] Evaluate_00: epoch = 0300 train time = 7 s train loss = 0.012493 train acc = 1.0000, test acc = 0.0855
Evaluate 1 random ConvNet, mean = 0.0855 std = 0.0000
-------------------------
[2022-12-08 03:04:23] iter = 0180, loss = 206.0316
-------------------------
Evaluation
model_train = ConvNet, model_eval = ConvNet, iteration = 190
DC augmentation parameters: 
 {'crop': 4, 'scale': 0.2, 'rotate': 45, 'noise': 0.001, 'strategy': 'none'}
[2022-12-08 03:07:24] Evaluate_00: epoch = 0300 train time = 7 s train loss = 0.012819 train acc = 1.0000, test acc = 0.0875
Evaluate 1 random ConvNet, mean = 0.0875 std = 0.0000
-------------------------
[2022-12-08 03:07:43] iter = 0190, loss = 204.3777
-------------------------
Evaluation
model_train = ConvNet, model_eval = ConvNet, iteration = 200
DC augmentation parameters: 
 {'crop': 4, 'scale': 0.2, 'rotate': 45, 'noise': 0.001, 'strategy': 'none'}
[2022-12-08 03:10:44] Evaluate_00: epoch = 0300 train time = 7 s train loss = 0.012342 train acc = 1.0000, test acc = 0.0890
Evaluate 1 random ConvNet, mean = 0.0890 std = 0.0000
-------------------------
[2022-12-08 03:11:04] iter = 0200, loss = 200.7499
-------------------------
Evaluation
model_train = ConvNet, model_eval = ConvNet, iteration = 210
DC augmentation parameters: 
 {'crop': 4, 'scale': 0.2, 'rotate': 45, 'noise': 0.001, 'strategy': 'none'}
[2022-12-08 03:14:07] Evaluate_00: epoch = 0300 train time = 7 s train loss = 0.012869 train acc = 1.0000, test acc = 0.0845
Evaluate 1 random ConvNet, mean = 0.0845 std = 0.0000
-------------------------
[2022-12-08 03:14:27] iter = 0210, loss = 203.2199
-------------------------
Evaluation
model_train = ConvNet, model_eval = ConvNet, iteration = 220
DC augmentation parameters: 
 {'crop': 4, 'scale': 0.2, 'rotate': 45, 'noise': 0.001, 'strategy': 'none'}
[2022-12-08 03:17:30] Evaluate_00: epoch = 0300 train time = 7 s train loss = 0.012561 train acc = 1.0000, test acc = 0.0885
Evaluate 1 random ConvNet, mean = 0.0885 std = 0.0000
-------------------------
[2022-12-08 03:17:49] iter = 0220, loss = 208.4745
-------------------------
Evaluation
model_train = ConvNet, model_eval = ConvNet, iteration = 230
DC augmentation parameters: 
 {'crop': 4, 'scale': 0.2, 'rotate': 45, 'noise': 0.001, 'strategy': 'none'}
[2022-12-08 03:20:52] Evaluate_00: epoch = 0300 train time = 7 s train loss = 0.013192 train acc = 1.0000, test acc = 0.0855
Evaluate 1 random ConvNet, mean = 0.0855 std = 0.0000
-------------------------
[2022-12-08 03:21:11] iter = 0230, loss = 204.8906
-------------------------
Evaluation
model_train = ConvNet, model_eval = ConvNet, iteration = 240
DC augmentation parameters: 
 {'crop': 4, 'scale': 0.2, 'rotate': 45, 'noise': 0.001, 'strategy': 'none'}
[2022-12-08 03:24:13] Evaluate_00: epoch = 0300 train time = 7 s train loss = 0.012341 train acc = 1.0000, test acc = 0.0815
Evaluate 1 random ConvNet, mean = 0.0815 std = 0.0000
-------------------------
[2022-12-08 03:24:32] iter = 0240, loss = 205.1984
-------------------------
Evaluation
model_train = ConvNet, model_eval = ConvNet, iteration = 250
DC augmentation parameters: 
 {'crop': 4, 'scale': 0.2, 'rotate': 45, 'noise': 0.001, 'strategy': 'none'}
[2022-12-08 03:27:34] Evaluate_00: epoch = 0300 train time = 7 s train loss = 0.012629 train acc = 1.0000, test acc = 0.0780
Evaluate 1 random ConvNet, mean = 0.0780 std = 0.0000
-------------------------
[2022-12-08 03:27:54] iter = 0250, loss = 204.6917
-------------------------
Evaluation
model_train = ConvNet, model_eval = ConvNet, iteration = 260
DC augmentation parameters: 
 {'crop': 4, 'scale': 0.2, 'rotate': 45, 'noise': 0.001, 'strategy': 'none'}
[2022-12-08 03:30:56] Evaluate_00: epoch = 0300 train time = 7 s train loss = 0.012667 train acc = 1.0000, test acc = 0.0820
Evaluate 1 random ConvNet, mean = 0.0820 std = 0.0000
-------------------------
[2022-12-08 03:31:15] iter = 0260, loss = 208.1224
-------------------------
Evaluation
model_train = ConvNet, model_eval = ConvNet, iteration = 270
DC augmentation parameters: 
 {'crop': 4, 'scale': 0.2, 'rotate': 45, 'noise': 0.001, 'strategy': 'none'}
[2022-12-08 03:34:17] Evaluate_00: epoch = 0300 train time = 7 s train loss = 0.012850 train acc = 1.0000, test acc = 0.0840
Evaluate 1 random ConvNet, mean = 0.0840 std = 0.0000
-------------------------
[2022-12-08 03:34:37] iter = 0270, loss = 203.7280
-------------------------
Evaluation
model_train = ConvNet, model_eval = ConvNet, iteration = 280
DC augmentation parameters: 
 {'crop': 4, 'scale': 0.2, 'rotate': 45, 'noise': 0.001, 'strategy': 'none'}
[2022-12-08 03:37:39] Evaluate_00: epoch = 0300 train time = 7 s train loss = 0.012467 train acc = 1.0000, test acc = 0.0880
Evaluate 1 random ConvNet, mean = 0.0880 std = 0.0000
-------------------------
[2022-12-08 03:37:58] iter = 0280, loss = 201.2737
-------------------------
Evaluation
model_train = ConvNet, model_eval = ConvNet, iteration = 290
DC augmentation parameters: 
 {'crop': 4, 'scale': 0.2, 'rotate': 45, 'noise': 0.001, 'strategy': 'none'}
[2022-12-08 03:41:01] Evaluate_00: epoch = 0300 train time = 7 s train loss = 0.012783 train acc = 1.0000, test acc = 0.0840
Evaluate 1 random ConvNet, mean = 0.0840 std = 0.0000
-------------------------
[2022-12-08 03:41:20] iter = 0290, loss = 200.1741
-------------------------
Evaluation
model_train = ConvNet, model_eval = ConvNet, iteration = 300
DC augmentation parameters: 
 {'crop': 4, 'scale': 0.2, 'rotate': 45, 'noise': 0.001, 'strategy': 'none'}
[2022-12-08 03:44:22] Evaluate_00: epoch = 0300 train time = 7 s train loss = 0.012321 train acc = 1.0000, test acc = 0.0775
Evaluate 1 random ConvNet, mean = 0.0775 std = 0.0000
-------------------------
[2022-12-08 03:44:42] iter = 0300, loss = 202.2226

==================== Final Results ====================

Run 1 experiments, train on ConvNet, evaluate 1 random ConvNet, mean  = 7.75%  std = 0.00%
Files already downloaded and verified
Files already downloaded and verified

================== Exp 0 ==================
 
Hyper-parameters: 
 {'method': 'DC', 'dataset': 'CIFAR100_herding', 'model': 'ConvNet', 'ipc': 10, 'eval_mode': 'S', 'num_exp': 1, 'num_eval': 1, 'epoch_eval_train': 300, 'Iteration': 300, 'lr_img': 0.1, 'lr_net': 0.01, 'batch_real': 256, 'batch_train': 256, 'init': 'herding', 'dsa_strategy': 'None', 'data_path': '../data', 'save_path': 'result', 'dis_metric': 'ours', 'epsilon': 0.1, 'alpha': 0.05, 'outer_loop': 10, 'inner_loop': 50, 'device': 'cuda', 'dsa_param': <utils.ParamDiffAug object at 0x7ff75e70db40>, 'dsa': False, 'dc_aug_param': None}
Evaluation model pool:  ['ConvNet']
class c = 0: 500 real images
class c = 1: 500 real images
class c = 2: 500 real images
class c = 3: 500 real images
class c = 4: 500 real images
class c = 5: 500 real images
class c = 6: 500 real images
class c = 7: 500 real images
class c = 8: 500 real images
class c = 9: 500 real images
class c = 10: 500 real images
class c = 11: 500 real images
class c = 12: 500 real images
class c = 13: 500 real images
class c = 14: 500 real images
class c = 15: 500 real images
class c = 16: 500 real images
class c = 17: 500 real images
class c = 18: 500 real images
class c = 19: 500 real images
real images channel 0, mean = -0.0643, std = 0.9384
real images channel 1, mean = -0.0533, std = 0.9383
real images channel 2, mean = -0.1090, std = 0.9705
initialize synthetic data from selected images
[2022-12-08 03:44:48] training begins
-------------------------
Evaluation
model_train = ConvNet, model_eval = ConvNet, iteration = 0
DC augmentation parameters: 
 {'crop': 4, 'scale': 0.2, 'rotate': 45, 'noise': 0.001, 'strategy': 'none'}
[2022-12-08 03:44:56] Evaluate_00: epoch = 0300 train time = 7 s train loss = 0.012814 train acc = 1.0000, test acc = 0.0380
Evaluate 1 random ConvNet, mean = 0.0380 std = 0.0000
-------------------------
[2022-12-08 03:45:15] iter = 0000, loss = 231.9815
-------------------------
Evaluation
model_train = ConvNet, model_eval = ConvNet, iteration = 10
DC augmentation parameters: 
 {'crop': 4, 'scale': 0.2, 'rotate': 45, 'noise': 0.001, 'strategy': 'none'}
[2022-12-08 03:48:16] Evaluate_00: epoch = 0300 train time = 7 s train loss = 0.012630 train acc = 1.0000, test acc = 0.0595
Evaluate 1 random ConvNet, mean = 0.0595 std = 0.0000
-------------------------
[2022-12-08 03:48:35] iter = 0010, loss = 217.0578
-------------------------
Evaluation
model_train = ConvNet, model_eval = ConvNet, iteration = 20
DC augmentation parameters: 
 {'crop': 4, 'scale': 0.2, 'rotate': 45, 'noise': 0.001, 'strategy': 'none'}
[2022-12-08 03:51:36] Evaluate_00: epoch = 0300 train time = 7 s train loss = 0.012318 train acc = 1.0000, test acc = 0.0585
Evaluate 1 random ConvNet, mean = 0.0585 std = 0.0000
-------------------------
[2022-12-08 03:51:55] iter = 0020, loss = 210.5704
-------------------------
Evaluation
model_train = ConvNet, model_eval = ConvNet, iteration = 30
DC augmentation parameters: 
 {'crop': 4, 'scale': 0.2, 'rotate': 45, 'noise': 0.001, 'strategy': 'none'}
[2022-12-08 03:54:56] Evaluate_00: epoch = 0300 train time = 7 s train loss = 0.012731 train acc = 1.0000, test acc = 0.0560
Evaluate 1 random ConvNet, mean = 0.0560 std = 0.0000
-------------------------
[2022-12-08 03:55:15] iter = 0030, loss = 215.5739
-------------------------
Evaluation
model_train = ConvNet, model_eval = ConvNet, iteration = 40
DC augmentation parameters: 
 {'crop': 4, 'scale': 0.2, 'rotate': 45, 'noise': 0.001, 'strategy': 'none'}
[2022-12-08 03:58:15] Evaluate_00: epoch = 0300 train time = 7 s train loss = 0.012344 train acc = 1.0000, test acc = 0.0595
Evaluate 1 random ConvNet, mean = 0.0595 std = 0.0000
-------------------------
[2022-12-08 03:58:35] iter = 0040, loss = 216.8446
-------------------------
Evaluation
model_train = ConvNet, model_eval = ConvNet, iteration = 50
DC augmentation parameters: 
 {'crop': 4, 'scale': 0.2, 'rotate': 45, 'noise': 0.001, 'strategy': 'none'}
[2022-12-08 04:01:35] Evaluate_00: epoch = 0300 train time = 7 s train loss = 0.012066 train acc = 1.0000, test acc = 0.0545
Evaluate 1 random ConvNet, mean = 0.0545 std = 0.0000
-------------------------
[2022-12-08 04:01:55] iter = 0050, loss = 214.4316
-------------------------
Evaluation
model_train = ConvNet, model_eval = ConvNet, iteration = 60
DC augmentation parameters: 
 {'crop': 4, 'scale': 0.2, 'rotate': 45, 'noise': 0.001, 'strategy': 'none'}
[2022-12-08 04:04:56] Evaluate_00: epoch = 0300 train time = 7 s train loss = 0.012246 train acc = 1.0000, test acc = 0.0650
Evaluate 1 random ConvNet, mean = 0.0650 std = 0.0000
-------------------------
[2022-12-08 04:05:15] iter = 0060, loss = 216.0749
-------------------------
Evaluation
model_train = ConvNet, model_eval = ConvNet, iteration = 70
DC augmentation parameters: 
 {'crop': 4, 'scale': 0.2, 'rotate': 45, 'noise': 0.001, 'strategy': 'none'}
[2022-12-08 04:08:16] Evaluate_00: epoch = 0300 train time = 7 s train loss = 0.012342 train acc = 1.0000, test acc = 0.0550
Evaluate 1 random ConvNet, mean = 0.0550 std = 0.0000
-------------------------
[2022-12-08 04:08:36] iter = 0070, loss = 213.1792
-------------------------
Evaluation
model_train = ConvNet, model_eval = ConvNet, iteration = 80
DC augmentation parameters: 
 {'crop': 4, 'scale': 0.2, 'rotate': 45, 'noise': 0.001, 'strategy': 'none'}
[2022-12-08 04:11:37] Evaluate_00: epoch = 0300 train time = 7 s train loss = 0.012148 train acc = 1.0000, test acc = 0.0600
Evaluate 1 random ConvNet, mean = 0.0600 std = 0.0000
-------------------------
[2022-12-08 04:11:56] iter = 0080, loss = 212.3620
-------------------------
Evaluation
model_train = ConvNet, model_eval = ConvNet, iteration = 90
DC augmentation parameters: 
 {'crop': 4, 'scale': 0.2, 'rotate': 45, 'noise': 0.001, 'strategy': 'none'}
[2022-12-08 04:14:57] Evaluate_00: epoch = 0300 train time = 7 s train loss = 0.012742 train acc = 1.0000, test acc = 0.0560
Evaluate 1 random ConvNet, mean = 0.0560 std = 0.0000
-------------------------
[2022-12-08 04:15:16] iter = 0090, loss = 212.7355
-------------------------
Evaluation
model_train = ConvNet, model_eval = ConvNet, iteration = 100
DC augmentation parameters: 
 {'crop': 4, 'scale': 0.2, 'rotate': 45, 'noise': 0.001, 'strategy': 'none'}
[2022-12-08 04:18:17] Evaluate_00: epoch = 0300 train time = 7 s train loss = 0.012118 train acc = 1.0000, test acc = 0.0605
Evaluate 1 random ConvNet, mean = 0.0605 std = 0.0000
-------------------------
[2022-12-08 04:18:36] iter = 0100, loss = 214.2452
-------------------------
Evaluation
model_train = ConvNet, model_eval = ConvNet, iteration = 110
DC augmentation parameters: 
 {'crop': 4, 'scale': 0.2, 'rotate': 45, 'noise': 0.001, 'strategy': 'none'}
[2022-12-08 04:21:36] Evaluate_00: epoch = 0300 train time = 7 s train loss = 0.012172 train acc = 1.0000, test acc = 0.0565
Evaluate 1 random ConvNet, mean = 0.0565 std = 0.0000
-------------------------
[2022-12-08 04:21:56] iter = 0110, loss = 212.1933
-------------------------
Evaluation
model_train = ConvNet, model_eval = ConvNet, iteration = 120
DC augmentation parameters: 
 {'crop': 4, 'scale': 0.2, 'rotate': 45, 'noise': 0.001, 'strategy': 'none'}
[2022-12-08 04:24:56] Evaluate_00: epoch = 0300 train time = 7 s train loss = 0.012919 train acc = 1.0000, test acc = 0.0550
Evaluate 1 random ConvNet, mean = 0.0550 std = 0.0000
-------------------------
[2022-12-08 04:25:16] iter = 0120, loss = 214.6874
-------------------------
Evaluation
model_train = ConvNet, model_eval = ConvNet, iteration = 130
DC augmentation parameters: 
 {'crop': 4, 'scale': 0.2, 'rotate': 45, 'noise': 0.001, 'strategy': 'none'}
[2022-12-08 04:28:16] Evaluate_00: epoch = 0300 train time = 7 s train loss = 0.012493 train acc = 1.0000, test acc = 0.0575
Evaluate 1 random ConvNet, mean = 0.0575 std = 0.0000
-------------------------
[2022-12-08 04:28:35] iter = 0130, loss = 215.2543
-------------------------
Evaluation
model_train = ConvNet, model_eval = ConvNet, iteration = 140
DC augmentation parameters: 
 {'crop': 4, 'scale': 0.2, 'rotate': 45, 'noise': 0.001, 'strategy': 'none'}
[2022-12-08 04:31:36] Evaluate_00: epoch = 0300 train time = 7 s train loss = 0.012311 train acc = 1.0000, test acc = 0.0560
Evaluate 1 random ConvNet, mean = 0.0560 std = 0.0000
-------------------------
[2022-12-08 04:31:55] iter = 0140, loss = 212.6357
-------------------------
Evaluation
model_train = ConvNet, model_eval = ConvNet, iteration = 150
DC augmentation parameters: 
 {'crop': 4, 'scale': 0.2, 'rotate': 45, 'noise': 0.001, 'strategy': 'none'}
[2022-12-08 04:34:56] Evaluate_00: epoch = 0300 train time = 7 s train loss = 0.012457 train acc = 1.0000, test acc = 0.0585
Evaluate 1 random ConvNet, mean = 0.0585 std = 0.0000
-------------------------
[2022-12-08 04:35:15] iter = 0150, loss = 214.9541
-------------------------
Evaluation
model_train = ConvNet, model_eval = ConvNet, iteration = 160
DC augmentation parameters: 
 {'crop': 4, 'scale': 0.2, 'rotate': 45, 'noise': 0.001, 'strategy': 'none'}
[2022-12-08 04:38:16] Evaluate_00: epoch = 0300 train time = 7 s train loss = 0.012044 train acc = 1.0000, test acc = 0.0560
Evaluate 1 random ConvNet, mean = 0.0560 std = 0.0000
-------------------------
[2022-12-08 04:38:35] iter = 0160, loss = 212.1869
-------------------------
Evaluation
model_train = ConvNet, model_eval = ConvNet, iteration = 170
DC augmentation parameters: 
 {'crop': 4, 'scale': 0.2, 'rotate': 45, 'noise': 0.001, 'strategy': 'none'}
[2022-12-08 04:41:36] Evaluate_00: epoch = 0300 train time = 7 s train loss = 0.012750 train acc = 1.0000, test acc = 0.0520
Evaluate 1 random ConvNet, mean = 0.0520 std = 0.0000
-------------------------
[2022-12-08 04:41:55] iter = 0170, loss = 210.4417
-------------------------
Evaluation
model_train = ConvNet, model_eval = ConvNet, iteration = 180
DC augmentation parameters: 
 {'crop': 4, 'scale': 0.2, 'rotate': 45, 'noise': 0.001, 'strategy': 'none'}
[2022-12-08 04:44:56] Evaluate_00: epoch = 0300 train time = 7 s train loss = 0.012301 train acc = 1.0000, test acc = 0.0555
Evaluate 1 random ConvNet, mean = 0.0555 std = 0.0000
-------------------------
[2022-12-08 04:45:16] iter = 0180, loss = 212.4563
-------------------------
Evaluation
model_train = ConvNet, model_eval = ConvNet, iteration = 190
DC augmentation parameters: 
 {'crop': 4, 'scale': 0.2, 'rotate': 45, 'noise': 0.001, 'strategy': 'none'}
[2022-12-08 04:48:18] Evaluate_00: epoch = 0300 train time = 7 s train loss = 0.012618 train acc = 1.0000, test acc = 0.0595
Evaluate 1 random ConvNet, mean = 0.0595 std = 0.0000
-------------------------
[2022-12-08 04:48:37] iter = 0190, loss = 217.3565
-------------------------
Evaluation
model_train = ConvNet, model_eval = ConvNet, iteration = 200
DC augmentation parameters: 
 {'crop': 4, 'scale': 0.2, 'rotate': 45, 'noise': 0.001, 'strategy': 'none'}
[2022-12-08 04:51:39] Evaluate_00: epoch = 0300 train time = 7 s train loss = 0.012413 train acc = 1.0000, test acc = 0.0590
Evaluate 1 random ConvNet, mean = 0.0590 std = 0.0000
-------------------------
[2022-12-08 04:51:58] iter = 0200, loss = 214.5254
-------------------------
Evaluation
model_train = ConvNet, model_eval = ConvNet, iteration = 210
DC augmentation parameters: 
 {'crop': 4, 'scale': 0.2, 'rotate': 45, 'noise': 0.001, 'strategy': 'none'}
[2022-12-08 04:55:00] Evaluate_00: epoch = 0300 train time = 7 s train loss = 0.012559 train acc = 1.0000, test acc = 0.0565
Evaluate 1 random ConvNet, mean = 0.0565 std = 0.0000
-------------------------
[2022-12-08 04:55:19] iter = 0210, loss = 217.6773
-------------------------
Evaluation
model_train = ConvNet, model_eval = ConvNet, iteration = 220
DC augmentation parameters: 
 {'crop': 4, 'scale': 0.2, 'rotate': 45, 'noise': 0.001, 'strategy': 'none'}
[2022-12-08 04:58:21] Evaluate_00: epoch = 0300 train time = 7 s train loss = 0.012290 train acc = 1.0000, test acc = 0.0580
Evaluate 1 random ConvNet, mean = 0.0580 std = 0.0000
-------------------------
[2022-12-08 04:58:41] iter = 0220, loss = 210.1547
-------------------------
Evaluation
model_train = ConvNet, model_eval = ConvNet, iteration = 230
DC augmentation parameters: 
 {'crop': 4, 'scale': 0.2, 'rotate': 45, 'noise': 0.001, 'strategy': 'none'}
[2022-12-08 05:01:43] Evaluate_00: epoch = 0300 train time = 7 s train loss = 0.012209 train acc = 1.0000, test acc = 0.0595
Evaluate 1 random ConvNet, mean = 0.0595 std = 0.0000
-------------------------
[2022-12-08 05:02:02] iter = 0230, loss = 211.8353
-------------------------
Evaluation
model_train = ConvNet, model_eval = ConvNet, iteration = 240
DC augmentation parameters: 
 {'crop': 4, 'scale': 0.2, 'rotate': 45, 'noise': 0.001, 'strategy': 'none'}
[2022-12-08 05:05:04] Evaluate_00: epoch = 0300 train time = 7 s train loss = 0.011975 train acc = 1.0000, test acc = 0.0590
Evaluate 1 random ConvNet, mean = 0.0590 std = 0.0000
-------------------------
[2022-12-08 05:05:24] iter = 0240, loss = 211.1504
-------------------------
Evaluation
model_train = ConvNet, model_eval = ConvNet, iteration = 250
DC augmentation parameters: 
 {'crop': 4, 'scale': 0.2, 'rotate': 45, 'noise': 0.001, 'strategy': 'none'}
[2022-12-08 05:08:26] Evaluate_00: epoch = 0300 train time = 7 s train loss = 0.012086 train acc = 1.0000, test acc = 0.0565
Evaluate 1 random ConvNet, mean = 0.0565 std = 0.0000
-------------------------
[2022-12-08 05:08:45] iter = 0250, loss = 215.0877
-------------------------
Evaluation
model_train = ConvNet, model_eval = ConvNet, iteration = 260
DC augmentation parameters: 
 {'crop': 4, 'scale': 0.2, 'rotate': 45, 'noise': 0.001, 'strategy': 'none'}
[2022-12-08 05:11:46] Evaluate_00: epoch = 0300 train time = 7 s train loss = 0.012267 train acc = 1.0000, test acc = 0.0585
Evaluate 1 random ConvNet, mean = 0.0585 std = 0.0000
-------------------------
[2022-12-08 05:12:05] iter = 0260, loss = 212.8279
-------------------------
Evaluation
model_train = ConvNet, model_eval = ConvNet, iteration = 270
DC augmentation parameters: 
 {'crop': 4, 'scale': 0.2, 'rotate': 45, 'noise': 0.001, 'strategy': 'none'}
[2022-12-08 05:15:07] Evaluate_00: epoch = 0300 train time = 7 s train loss = 0.012472 train acc = 1.0000, test acc = 0.0610
Evaluate 1 random ConvNet, mean = 0.0610 std = 0.0000
-------------------------
[2022-12-08 05:15:26] iter = 0270, loss = 214.8085
-------------------------
Evaluation
model_train = ConvNet, model_eval = ConvNet, iteration = 280
DC augmentation parameters: 
 {'crop': 4, 'scale': 0.2, 'rotate': 45, 'noise': 0.001, 'strategy': 'none'}
[2022-12-08 05:18:29] Evaluate_00: epoch = 0300 train time = 7 s train loss = 0.012556 train acc = 1.0000, test acc = 0.0540
Evaluate 1 random ConvNet, mean = 0.0540 std = 0.0000
-------------------------
[2022-12-08 05:18:48] iter = 0280, loss = 215.0554
-------------------------
Evaluation
model_train = ConvNet, model_eval = ConvNet, iteration = 290
DC augmentation parameters: 
 {'crop': 4, 'scale': 0.2, 'rotate': 45, 'noise': 0.001, 'strategy': 'none'}
[2022-12-08 05:21:50] Evaluate_00: epoch = 0300 train time = 7 s train loss = 0.012414 train acc = 1.0000, test acc = 0.0545
Evaluate 1 random ConvNet, mean = 0.0545 std = 0.0000
-------------------------
[2022-12-08 05:22:10] iter = 0290, loss = 211.0218
-------------------------
Evaluation
model_train = ConvNet, model_eval = ConvNet, iteration = 300
DC augmentation parameters: 
 {'crop': 4, 'scale': 0.2, 'rotate': 45, 'noise': 0.001, 'strategy': 'none'}
[2022-12-08 05:25:12] Evaluate_00: epoch = 0300 train time = 7 s train loss = 0.012173 train acc = 1.0000, test acc = 0.0595
Evaluate 1 random ConvNet, mean = 0.0595 std = 0.0000
-------------------------
[2022-12-08 05:25:32] iter = 0300, loss = 215.4366

==================== Final Results ====================

Run 1 experiments, train on ConvNet, evaluate 1 random ConvNet, mean  = 5.95%  std = 0.00%
Files already downloaded and verified
Files already downloaded and verified

================== Exp 0 ==================
 
Hyper-parameters: 
 {'method': 'DC', 'dataset': 'CIFAR100_herding', 'model': 'ConvNet', 'ipc': 10, 'eval_mode': 'S', 'num_exp': 1, 'num_eval': 1, 'epoch_eval_train': 300, 'Iteration': 300, 'lr_img': 0.1, 'lr_net': 0.01, 'batch_real': 256, 'batch_train': 256, 'init': 'herding', 'dsa_strategy': 'None', 'data_path': '../data', 'save_path': 'result', 'dis_metric': 'ours', 'epsilon': 0.1, 'alpha': 0.05, 'outer_loop': 10, 'inner_loop': 50, 'device': 'cuda', 'dsa_param': <utils.ParamDiffAug object at 0x7ff75e70db40>, 'dsa': False, 'dc_aug_param': None}
Evaluation model pool:  ['ConvNet']
class c = 0: 500 real images
class c = 1: 500 real images
class c = 2: 500 real images
class c = 3: 500 real images
class c = 4: 500 real images
class c = 5: 500 real images
class c = 6: 500 real images
class c = 7: 500 real images
class c = 8: 500 real images
class c = 9: 500 real images
class c = 10: 500 real images
class c = 11: 500 real images
class c = 12: 500 real images
class c = 13: 500 real images
class c = 14: 500 real images
class c = 15: 500 real images
class c = 16: 500 real images
class c = 17: 500 real images
class c = 18: 500 real images
class c = 19: 500 real images
real images channel 0, mean = 0.0572, std = 0.9945
real images channel 1, mean = 0.0396, std = 1.0209
real images channel 2, mean = 0.0503, std = 1.0143
initialize synthetic data from selected images
[2022-12-08 05:25:37] training begins
-------------------------
Evaluation
model_train = ConvNet, model_eval = ConvNet, iteration = 0
DC augmentation parameters: 
 {'crop': 4, 'scale': 0.2, 'rotate': 45, 'noise': 0.001, 'strategy': 'none'}
[2022-12-08 05:25:45] Evaluate_00: epoch = 0300 train time = 7 s train loss = 0.012552 train acc = 1.0000, test acc = 0.0965
Evaluate 1 random ConvNet, mean = 0.0965 std = 0.0000
-------------------------
[2022-12-08 05:26:05] iter = 0000, loss = 237.4989
-------------------------
Evaluation
model_train = ConvNet, model_eval = ConvNet, iteration = 10
DC augmentation parameters: 
 {'crop': 4, 'scale': 0.2, 'rotate': 45, 'noise': 0.001, 'strategy': 'none'}
[2022-12-08 05:29:07] Evaluate_00: epoch = 0300 train time = 7 s train loss = 0.012572 train acc = 1.0000, test acc = 0.1075
Evaluate 1 random ConvNet, mean = 0.1075 std = 0.0000
-------------------------
[2022-12-08 05:29:27] iter = 0010, loss = 224.8774
-------------------------
Evaluation
model_train = ConvNet, model_eval = ConvNet, iteration = 20
DC augmentation parameters: 
 {'crop': 4, 'scale': 0.2, 'rotate': 45, 'noise': 0.001, 'strategy': 'none'}
[2022-12-08 05:32:29] Evaluate_00: epoch = 0300 train time = 7 s train loss = 0.012450 train acc = 1.0000, test acc = 0.1040
Evaluate 1 random ConvNet, mean = 0.1040 std = 0.0000
-------------------------
[2022-12-08 05:32:49] iter = 0020, loss = 219.6091
-------------------------
Evaluation
model_train = ConvNet, model_eval = ConvNet, iteration = 30
DC augmentation parameters: 
 {'crop': 4, 'scale': 0.2, 'rotate': 45, 'noise': 0.001, 'strategy': 'none'}
[2022-12-08 05:35:52] Evaluate_00: epoch = 0300 train time = 7 s train loss = 0.012479 train acc = 1.0000, test acc = 0.1025
Evaluate 1 random ConvNet, mean = 0.1025 std = 0.0000
-------------------------
[2022-12-08 05:36:11] iter = 0030, loss = 224.8270
-------------------------
Evaluation
model_train = ConvNet, model_eval = ConvNet, iteration = 40
DC augmentation parameters: 
 {'crop': 4, 'scale': 0.2, 'rotate': 45, 'noise': 0.001, 'strategy': 'none'}
[2022-12-08 05:39:14] Evaluate_00: epoch = 0300 train time = 7 s train loss = 0.012247 train acc = 1.0000, test acc = 0.1080
Evaluate 1 random ConvNet, mean = 0.1080 std = 0.0000
-------------------------
[2022-12-08 05:39:33] iter = 0040, loss = 227.1278
-------------------------
Evaluation
model_train = ConvNet, model_eval = ConvNet, iteration = 50
DC augmentation parameters: 
 {'crop': 4, 'scale': 0.2, 'rotate': 45, 'noise': 0.001, 'strategy': 'none'}
[2022-12-08 05:42:36] Evaluate_00: epoch = 0300 train time = 7 s train loss = 0.012502 train acc = 1.0000, test acc = 0.1115
Evaluate 1 random ConvNet, mean = 0.1115 std = 0.0000
-------------------------
[2022-12-08 05:42:56] iter = 0050, loss = 226.8357
-------------------------
Evaluation
model_train = ConvNet, model_eval = ConvNet, iteration = 60
DC augmentation parameters: 
 {'crop': 4, 'scale': 0.2, 'rotate': 45, 'noise': 0.001, 'strategy': 'none'}
[2022-12-08 05:45:58] Evaluate_00: epoch = 0300 train time = 7 s train loss = 0.012504 train acc = 1.0000, test acc = 0.1020
Evaluate 1 random ConvNet, mean = 0.1020 std = 0.0000
-------------------------
[2022-12-08 05:46:18] iter = 0060, loss = 224.0042
-------------------------
Evaluation
model_train = ConvNet, model_eval = ConvNet, iteration = 70
DC augmentation parameters: 
 {'crop': 4, 'scale': 0.2, 'rotate': 45, 'noise': 0.001, 'strategy': 'none'}
[2022-12-08 05:49:20] Evaluate_00: epoch = 0300 train time = 7 s train loss = 0.012758 train acc = 1.0000, test acc = 0.1080
Evaluate 1 random ConvNet, mean = 0.1080 std = 0.0000
-------------------------
[2022-12-08 05:49:40] iter = 0070, loss = 223.5985
-------------------------
Evaluation
model_train = ConvNet, model_eval = ConvNet, iteration = 80
DC augmentation parameters: 
 {'crop': 4, 'scale': 0.2, 'rotate': 45, 'noise': 0.001, 'strategy': 'none'}
[2022-12-08 05:52:42] Evaluate_00: epoch = 0300 train time = 7 s train loss = 0.012367 train acc = 1.0000, test acc = 0.1090
Evaluate 1 random ConvNet, mean = 0.1090 std = 0.0000
-------------------------
[2022-12-08 05:53:02] iter = 0080, loss = 224.2773
-------------------------
Evaluation
model_train = ConvNet, model_eval = ConvNet, iteration = 90
DC augmentation parameters: 
 {'crop': 4, 'scale': 0.2, 'rotate': 45, 'noise': 0.001, 'strategy': 'none'}
[2022-12-08 05:56:04] Evaluate_00: epoch = 0300 train time = 7 s train loss = 0.012347 train acc = 1.0000, test acc = 0.1055
Evaluate 1 random ConvNet, mean = 0.1055 std = 0.0000
-------------------------
[2022-12-08 05:56:24] iter = 0090, loss = 224.8229
-------------------------
Evaluation
model_train = ConvNet, model_eval = ConvNet, iteration = 100
DC augmentation parameters: 
 {'crop': 4, 'scale': 0.2, 'rotate': 45, 'noise': 0.001, 'strategy': 'none'}
[2022-12-08 05:59:26] Evaluate_00: epoch = 0300 train time = 7 s train loss = 0.012499 train acc = 1.0000, test acc = 0.1090
Evaluate 1 random ConvNet, mean = 0.1090 std = 0.0000
-------------------------
[2022-12-08 05:59:45] iter = 0100, loss = 226.6471
-------------------------
Evaluation
model_train = ConvNet, model_eval = ConvNet, iteration = 110
DC augmentation parameters: 
 {'crop': 4, 'scale': 0.2, 'rotate': 45, 'noise': 0.001, 'strategy': 'none'}
[2022-12-08 06:02:47] Evaluate_00: epoch = 0300 train time = 7 s train loss = 0.012443 train acc = 1.0000, test acc = 0.1080
Evaluate 1 random ConvNet, mean = 0.1080 std = 0.0000
-------------------------
[2022-12-08 06:03:07] iter = 0110, loss = 224.1658
-------------------------
Evaluation
model_train = ConvNet, model_eval = ConvNet, iteration = 120
DC augmentation parameters: 
 {'crop': 4, 'scale': 0.2, 'rotate': 45, 'noise': 0.001, 'strategy': 'none'}
[2022-12-08 06:06:09] Evaluate_00: epoch = 0300 train time = 7 s train loss = 0.012302 train acc = 1.0000, test acc = 0.1055
Evaluate 1 random ConvNet, mean = 0.1055 std = 0.0000
-------------------------
[2022-12-08 06:06:28] iter = 0120, loss = 224.7108
-------------------------
Evaluation
model_train = ConvNet, model_eval = ConvNet, iteration = 130
DC augmentation parameters: 
 {'crop': 4, 'scale': 0.2, 'rotate': 45, 'noise': 0.001, 'strategy': 'none'}
[2022-12-08 06:09:30] Evaluate_00: epoch = 0300 train time = 7 s train loss = 0.012098 train acc = 1.0000, test acc = 0.1020
Evaluate 1 random ConvNet, mean = 0.1020 std = 0.0000
-------------------------
[2022-12-08 06:09:50] iter = 0130, loss = 228.0098
-------------------------
Evaluation
model_train = ConvNet, model_eval = ConvNet, iteration = 140
DC augmentation parameters: 
 {'crop': 4, 'scale': 0.2, 'rotate': 45, 'noise': 0.001, 'strategy': 'none'}
[2022-12-08 06:12:52] Evaluate_00: epoch = 0300 train time = 7 s train loss = 0.012496 train acc = 1.0000, test acc = 0.1060
Evaluate 1 random ConvNet, mean = 0.1060 std = 0.0000
-------------------------
[2022-12-08 06:13:12] iter = 0140, loss = 222.5001
-------------------------
Evaluation
model_train = ConvNet, model_eval = ConvNet, iteration = 150
DC augmentation parameters: 
 {'crop': 4, 'scale': 0.2, 'rotate': 45, 'noise': 0.001, 'strategy': 'none'}
[2022-12-08 06:16:14] Evaluate_00: epoch = 0300 train time = 7 s train loss = 0.012305 train acc = 1.0000, test acc = 0.1075
Evaluate 1 random ConvNet, mean = 0.1075 std = 0.0000
-------------------------
[2022-12-08 06:16:34] iter = 0150, loss = 226.9984
-------------------------
Evaluation
model_train = ConvNet, model_eval = ConvNet, iteration = 160
DC augmentation parameters: 
 {'crop': 4, 'scale': 0.2, 'rotate': 45, 'noise': 0.001, 'strategy': 'none'}
[2022-12-08 06:19:36] Evaluate_00: epoch = 0300 train time = 7 s train loss = 0.012778 train acc = 1.0000, test acc = 0.1065
Evaluate 1 random ConvNet, mean = 0.1065 std = 0.0000
-------------------------
[2022-12-08 06:19:55] iter = 0160, loss = 220.9516
-------------------------
Evaluation
model_train = ConvNet, model_eval = ConvNet, iteration = 170
DC augmentation parameters: 
 {'crop': 4, 'scale': 0.2, 'rotate': 45, 'noise': 0.001, 'strategy': 'none'}
[2022-12-08 06:22:57] Evaluate_00: epoch = 0300 train time = 7 s train loss = 0.012947 train acc = 1.0000, test acc = 0.1065
Evaluate 1 random ConvNet, mean = 0.1065 std = 0.0000
-------------------------
[2022-12-08 06:23:17] iter = 0170, loss = 221.4680
-------------------------
Evaluation
model_train = ConvNet, model_eval = ConvNet, iteration = 180
DC augmentation parameters: 
 {'crop': 4, 'scale': 0.2, 'rotate': 45, 'noise': 0.001, 'strategy': 'none'}
[2022-12-08 06:26:19] Evaluate_00: epoch = 0300 train time = 7 s train loss = 0.012362 train acc = 1.0000, test acc = 0.1105
Evaluate 1 random ConvNet, mean = 0.1105 std = 0.0000
-------------------------
[2022-12-08 06:26:38] iter = 0180, loss = 224.2615
-------------------------
Evaluation
model_train = ConvNet, model_eval = ConvNet, iteration = 190
DC augmentation parameters: 
 {'crop': 4, 'scale': 0.2, 'rotate': 45, 'noise': 0.001, 'strategy': 'none'}
[2022-12-08 06:29:41] Evaluate_00: epoch = 0300 train time = 7 s train loss = 0.012667 train acc = 1.0000, test acc = 0.1050
Evaluate 1 random ConvNet, mean = 0.1050 std = 0.0000
-------------------------
[2022-12-08 06:30:00] iter = 0190, loss = 223.1202
-------------------------
Evaluation
model_train = ConvNet, model_eval = ConvNet, iteration = 200
DC augmentation parameters: 
 {'crop': 4, 'scale': 0.2, 'rotate': 45, 'noise': 0.001, 'strategy': 'none'}
[2022-12-08 06:33:03] Evaluate_00: epoch = 0300 train time = 7 s train loss = 0.012281 train acc = 1.0000, test acc = 0.1055
Evaluate 1 random ConvNet, mean = 0.1055 std = 0.0000
-------------------------
[2022-12-08 06:33:22] iter = 0200, loss = 221.0368
-------------------------
Evaluation
model_train = ConvNet, model_eval = ConvNet, iteration = 210
DC augmentation parameters: 
 {'crop': 4, 'scale': 0.2, 'rotate': 45, 'noise': 0.001, 'strategy': 'none'}
[2022-12-08 06:36:25] Evaluate_00: epoch = 0300 train time = 7 s train loss = 0.012858 train acc = 1.0000, test acc = 0.1025
Evaluate 1 random ConvNet, mean = 0.1025 std = 0.0000
-------------------------
[2022-12-08 06:36:44] iter = 0210, loss = 223.8942
-------------------------
Evaluation
model_train = ConvNet, model_eval = ConvNet, iteration = 220
DC augmentation parameters: 
 {'crop': 4, 'scale': 0.2, 'rotate': 45, 'noise': 0.001, 'strategy': 'none'}
[2022-12-08 06:39:47] Evaluate_00: epoch = 0300 train time = 7 s train loss = 0.012343 train acc = 1.0000, test acc = 0.1095
Evaluate 1 random ConvNet, mean = 0.1095 std = 0.0000
-------------------------
[2022-12-08 06:40:06] iter = 0220, loss = 222.2821
-------------------------
Evaluation
model_train = ConvNet, model_eval = ConvNet, iteration = 230
DC augmentation parameters: 
 {'crop': 4, 'scale': 0.2, 'rotate': 45, 'noise': 0.001, 'strategy': 'none'}
[2022-12-08 06:43:09] Evaluate_00: epoch = 0300 train time = 7 s train loss = 0.012458 train acc = 1.0000, test acc = 0.1055
Evaluate 1 random ConvNet, mean = 0.1055 std = 0.0000
-------------------------
[2022-12-08 06:43:28] iter = 0230, loss = 223.7438
-------------------------
Evaluation
model_train = ConvNet, model_eval = ConvNet, iteration = 240
DC augmentation parameters: 
 {'crop': 4, 'scale': 0.2, 'rotate': 45, 'noise': 0.001, 'strategy': 'none'}
[2022-12-08 06:46:31] Evaluate_00: epoch = 0300 train time = 7 s train loss = 0.012549 train acc = 1.0000, test acc = 0.1125
Evaluate 1 random ConvNet, mean = 0.1125 std = 0.0000
-------------------------
[2022-12-08 06:46:50] iter = 0240, loss = 221.5731
-------------------------
Evaluation
model_train = ConvNet, model_eval = ConvNet, iteration = 250
DC augmentation parameters: 
 {'crop': 4, 'scale': 0.2, 'rotate': 45, 'noise': 0.001, 'strategy': 'none'}
[2022-12-08 06:49:52] Evaluate_00: epoch = 0300 train time = 7 s train loss = 0.012356 train acc = 1.0000, test acc = 0.1005
Evaluate 1 random ConvNet, mean = 0.1005 std = 0.0000
-------------------------
[2022-12-08 06:50:12] iter = 0250, loss = 224.8936
-------------------------
Evaluation
model_train = ConvNet, model_eval = ConvNet, iteration = 260
DC augmentation parameters: 
 {'crop': 4, 'scale': 0.2, 'rotate': 45, 'noise': 0.001, 'strategy': 'none'}
[2022-12-08 06:53:14] Evaluate_00: epoch = 0300 train time = 7 s train loss = 0.012516 train acc = 1.0000, test acc = 0.1130
Evaluate 1 random ConvNet, mean = 0.1130 std = 0.0000
-------------------------
[2022-12-08 06:53:33] iter = 0260, loss = 223.4077
-------------------------
Evaluation
model_train = ConvNet, model_eval = ConvNet, iteration = 270
DC augmentation parameters: 
 {'crop': 4, 'scale': 0.2, 'rotate': 45, 'noise': 0.001, 'strategy': 'none'}
[2022-12-08 06:56:35] Evaluate_00: epoch = 0300 train time = 7 s train loss = 0.012768 train acc = 1.0000, test acc = 0.1090
Evaluate 1 random ConvNet, mean = 0.1090 std = 0.0000
-------------------------
[2022-12-08 06:56:55] iter = 0270, loss = 222.4706
-------------------------
Evaluation
model_train = ConvNet, model_eval = ConvNet, iteration = 280
DC augmentation parameters: 
 {'crop': 4, 'scale': 0.2, 'rotate': 45, 'noise': 0.001, 'strategy': 'none'}
[2022-12-08 06:59:56] Evaluate_00: epoch = 0300 train time = 7 s train loss = 0.012762 train acc = 1.0000, test acc = 0.1055
Evaluate 1 random ConvNet, mean = 0.1055 std = 0.0000
-------------------------
[2022-12-08 07:00:16] iter = 0280, loss = 222.1672
-------------------------
Evaluation
model_train = ConvNet, model_eval = ConvNet, iteration = 290
DC augmentation parameters: 
 {'crop': 4, 'scale': 0.2, 'rotate': 45, 'noise': 0.001, 'strategy': 'none'}
[2022-12-08 07:03:17] Evaluate_00: epoch = 0300 train time = 7 s train loss = 0.012464 train acc = 1.0000, test acc = 0.1055
Evaluate 1 random ConvNet, mean = 0.1055 std = 0.0000
-------------------------
[2022-12-08 07:03:36] iter = 0290, loss = 222.5893
-------------------------
Evaluation
model_train = ConvNet, model_eval = ConvNet, iteration = 300
DC augmentation parameters: 
 {'crop': 4, 'scale': 0.2, 'rotate': 45, 'noise': 0.001, 'strategy': 'none'}
[2022-12-08 07:06:38] Evaluate_00: epoch = 0300 train time = 7 s train loss = 0.012408 train acc = 1.0000, test acc = 0.1005
Evaluate 1 random ConvNet, mean = 0.1005 std = 0.0000
-------------------------
[2022-12-08 07:06:57] iter = 0300, loss = 222.7443

==================== Final Results ====================

Run 1 experiments, train on ConvNet, evaluate 1 random ConvNet, mean  = 10.05%  std = 0.00%
Files already downloaded and verified
Files already downloaded and verified

================== Exp 0 ==================
 
Hyper-parameters: 
 {'method': 'DC', 'dataset': 'CIFAR100_herding', 'model': 'ConvNet', 'ipc': 10, 'eval_mode': 'S', 'num_exp': 1, 'num_eval': 1, 'epoch_eval_train': 300, 'Iteration': 300, 'lr_img': 0.1, 'lr_net': 0.01, 'batch_real': 256, 'batch_train': 256, 'init': 'herding', 'dsa_strategy': 'None', 'data_path': '../data', 'save_path': 'result', 'dis_metric': 'ours', 'epsilon': 0.1, 'alpha': 0.05, 'outer_loop': 10, 'inner_loop': 50, 'device': 'cuda', 'dsa_param': <utils.ParamDiffAug object at 0x7ff75e70db40>, 'dsa': False, 'dc_aug_param': None}
Evaluation model pool:  ['ConvNet']
class c = 0: 500 real images
class c = 1: 500 real images
class c = 2: 500 real images
class c = 3: 500 real images
class c = 4: 500 real images
class c = 5: 500 real images
class c = 6: 500 real images
class c = 7: 500 real images
class c = 8: 500 real images
class c = 9: 500 real images
class c = 10: 500 real images
class c = 11: 500 real images
class c = 12: 500 real images
class c = 13: 500 real images
class c = 14: 500 real images
class c = 15: 500 real images
class c = 16: 500 real images
class c = 17: 500 real images
class c = 18: 500 real images
class c = 19: 500 real images
real images channel 0, mean = 0.0559, std = 0.9929
real images channel 1, mean = 0.0512, std = 1.0150
real images channel 2, mean = 0.0357, std = 1.0088
initialize synthetic data from selected images
[2022-12-08 07:07:03] training begins
-------------------------
Evaluation
model_train = ConvNet, model_eval = ConvNet, iteration = 0
DC augmentation parameters: 
 {'crop': 4, 'scale': 0.2, 'rotate': 45, 'noise': 0.001, 'strategy': 'none'}
[2022-12-08 07:07:11] Evaluate_00: epoch = 0300 train time = 7 s train loss = 0.013014 train acc = 1.0000, test acc = 0.0660
Evaluate 1 random ConvNet, mean = 0.0660 std = 0.0000
-------------------------
[2022-12-08 07:07:30] iter = 0000, loss = 229.3485
-------------------------
Evaluation
model_train = ConvNet, model_eval = ConvNet, iteration = 10
DC augmentation parameters: 
 {'crop': 4, 'scale': 0.2, 'rotate': 45, 'noise': 0.001, 'strategy': 'none'}
[2022-12-08 07:10:31] Evaluate_00: epoch = 0300 train time = 7 s train loss = 0.012979 train acc = 1.0000, test acc = 0.0715
Evaluate 1 random ConvNet, mean = 0.0715 std = 0.0000
-------------------------
[2022-12-08 07:10:51] iter = 0010, loss = 209.5751
-------------------------
Evaluation
model_train = ConvNet, model_eval = ConvNet, iteration = 20
DC augmentation parameters: 
 {'crop': 4, 'scale': 0.2, 'rotate': 45, 'noise': 0.001, 'strategy': 'none'}
[2022-12-08 07:13:52] Evaluate_00: epoch = 0300 train time = 7 s train loss = 0.013147 train acc = 1.0000, test acc = 0.0840
Evaluate 1 random ConvNet, mean = 0.0840 std = 0.0000
-------------------------
[2022-12-08 07:14:11] iter = 0020, loss = 212.0189
-------------------------
Evaluation
model_train = ConvNet, model_eval = ConvNet, iteration = 30
DC augmentation parameters: 
 {'crop': 4, 'scale': 0.2, 'rotate': 45, 'noise': 0.001, 'strategy': 'none'}
[2022-12-08 07:17:13] Evaluate_00: epoch = 0300 train time = 7 s train loss = 0.012422 train acc = 1.0000, test acc = 0.0935
Evaluate 1 random ConvNet, mean = 0.0935 std = 0.0000
-------------------------
[2022-12-08 07:17:32] iter = 0030, loss = 207.1548
-------------------------
Evaluation
model_train = ConvNet, model_eval = ConvNet, iteration = 40
DC augmentation parameters: 
 {'crop': 4, 'scale': 0.2, 'rotate': 45, 'noise': 0.001, 'strategy': 'none'}
[2022-12-08 07:20:34] Evaluate_00: epoch = 0300 train time = 7 s train loss = 0.013255 train acc = 1.0000, test acc = 0.0840
Evaluate 1 random ConvNet, mean = 0.0840 std = 0.0000
-------------------------
[2022-12-08 07:20:53] iter = 0040, loss = 206.9630
-------------------------
Evaluation
model_train = ConvNet, model_eval = ConvNet, iteration = 50
DC augmentation parameters: 
 {'crop': 4, 'scale': 0.2, 'rotate': 45, 'noise': 0.001, 'strategy': 'none'}
[2022-12-08 07:23:55] Evaluate_00: epoch = 0300 train time = 7 s train loss = 0.012926 train acc = 1.0000, test acc = 0.0805
Evaluate 1 random ConvNet, mean = 0.0805 std = 0.0000
-------------------------
[2022-12-08 07:24:14] iter = 0050, loss = 206.0356
-------------------------
Evaluation
model_train = ConvNet, model_eval = ConvNet, iteration = 60
DC augmentation parameters: 
 {'crop': 4, 'scale': 0.2, 'rotate': 45, 'noise': 0.001, 'strategy': 'none'}
[2022-12-08 07:27:16] Evaluate_00: epoch = 0300 train time = 7 s train loss = 0.013005 train acc = 1.0000, test acc = 0.0805
Evaluate 1 random ConvNet, mean = 0.0805 std = 0.0000
-------------------------
[2022-12-08 07:27:36] iter = 0060, loss = 208.2446
-------------------------
Evaluation
model_train = ConvNet, model_eval = ConvNet, iteration = 70
DC augmentation parameters: 
 {'crop': 4, 'scale': 0.2, 'rotate': 45, 'noise': 0.001, 'strategy': 'none'}
[2022-12-08 07:30:37] Evaluate_00: epoch = 0300 train time = 7 s train loss = 0.012622 train acc = 1.0000, test acc = 0.0855
Evaluate 1 random ConvNet, mean = 0.0855 std = 0.0000
-------------------------
[2022-12-08 07:30:57] iter = 0070, loss = 210.8912
-------------------------
Evaluation
model_train = ConvNet, model_eval = ConvNet, iteration = 80
DC augmentation parameters: 
 {'crop': 4, 'scale': 0.2, 'rotate': 45, 'noise': 0.001, 'strategy': 'none'}
[2022-12-08 07:33:59] Evaluate_00: epoch = 0300 train time = 7 s train loss = 0.012588 train acc = 1.0000, test acc = 0.0845
Evaluate 1 random ConvNet, mean = 0.0845 std = 0.0000
-------------------------
[2022-12-08 07:34:18] iter = 0080, loss = 205.7454
-------------------------
Evaluation
model_train = ConvNet, model_eval = ConvNet, iteration = 90
DC augmentation parameters: 
 {'crop': 4, 'scale': 0.2, 'rotate': 45, 'noise': 0.001, 'strategy': 'none'}
[2022-12-08 07:37:20] Evaluate_00: epoch = 0300 train time = 7 s train loss = 0.013153 train acc = 1.0000, test acc = 0.0795
Evaluate 1 random ConvNet, mean = 0.0795 std = 0.0000
-------------------------
[2022-12-08 07:37:39] iter = 0090, loss = 211.5797
-------------------------
Evaluation
model_train = ConvNet, model_eval = ConvNet, iteration = 100
DC augmentation parameters: 
 {'crop': 4, 'scale': 0.2, 'rotate': 45, 'noise': 0.001, 'strategy': 'none'}
[2022-12-08 07:40:41] Evaluate_00: epoch = 0300 train time = 7 s train loss = 0.013096 train acc = 1.0000, test acc = 0.0840
Evaluate 1 random ConvNet, mean = 0.0840 std = 0.0000
-------------------------
[2022-12-08 07:41:00] iter = 0100, loss = 209.7603
-------------------------
Evaluation
model_train = ConvNet, model_eval = ConvNet, iteration = 110
DC augmentation parameters: 
 {'crop': 4, 'scale': 0.2, 'rotate': 45, 'noise': 0.001, 'strategy': 'none'}
[2022-12-08 07:44:02] Evaluate_00: epoch = 0300 train time = 7 s train loss = 0.013103 train acc = 1.0000, test acc = 0.0860
Evaluate 1 random ConvNet, mean = 0.0860 std = 0.0000
-------------------------
[2022-12-08 07:44:21] iter = 0110, loss = 207.3862
-------------------------
Evaluation
model_train = ConvNet, model_eval = ConvNet, iteration = 120
DC augmentation parameters: 
 {'crop': 4, 'scale': 0.2, 'rotate': 45, 'noise': 0.001, 'strategy': 'none'}
[2022-12-08 07:47:23] Evaluate_00: epoch = 0300 train time = 7 s train loss = 0.012596 train acc = 1.0000, test acc = 0.0835
Evaluate 1 random ConvNet, mean = 0.0835 std = 0.0000
-------------------------
[2022-12-08 07:47:43] iter = 0120, loss = 205.0990
-------------------------
Evaluation
model_train = ConvNet, model_eval = ConvNet, iteration = 130
DC augmentation parameters: 
 {'crop': 4, 'scale': 0.2, 'rotate': 45, 'noise': 0.001, 'strategy': 'none'}
[2022-12-08 07:50:45] Evaluate_00: epoch = 0300 train time = 7 s train loss = 0.013237 train acc = 1.0000, test acc = 0.0825
Evaluate 1 random ConvNet, mean = 0.0825 std = 0.0000
-------------------------
[2022-12-08 07:51:04] iter = 0130, loss = 209.3434
-------------------------
Evaluation
model_train = ConvNet, model_eval = ConvNet, iteration = 140
DC augmentation parameters: 
 {'crop': 4, 'scale': 0.2, 'rotate': 45, 'noise': 0.001, 'strategy': 'none'}
[2022-12-08 07:54:06] Evaluate_00: epoch = 0300 train time = 7 s train loss = 0.012679 train acc = 1.0000, test acc = 0.0845
Evaluate 1 random ConvNet, mean = 0.0845 std = 0.0000
-------------------------
[2022-12-08 07:54:25] iter = 0140, loss = 207.1815
-------------------------
Evaluation
model_train = ConvNet, model_eval = ConvNet, iteration = 150
DC augmentation parameters: 
 {'crop': 4, 'scale': 0.2, 'rotate': 45, 'noise': 0.001, 'strategy': 'none'}
[2022-12-08 07:57:28] Evaluate_00: epoch = 0300 train time = 7 s train loss = 0.012838 train acc = 1.0000, test acc = 0.0890
Evaluate 1 random ConvNet, mean = 0.0890 std = 0.0000
-------------------------
[2022-12-08 07:57:47] iter = 0150, loss = 207.5405
-------------------------
Evaluation
model_train = ConvNet, model_eval = ConvNet, iteration = 160
DC augmentation parameters: 
 {'crop': 4, 'scale': 0.2, 'rotate': 45, 'noise': 0.001, 'strategy': 'none'}
[2022-12-08 08:00:49] Evaluate_00: epoch = 0300 train time = 7 s train loss = 0.013109 train acc = 1.0000, test acc = 0.0845
Evaluate 1 random ConvNet, mean = 0.0845 std = 0.0000
-------------------------
[2022-12-08 08:01:09] iter = 0160, loss = 208.7348
-------------------------
Evaluation
model_train = ConvNet, model_eval = ConvNet, iteration = 170
DC augmentation parameters: 
 {'crop': 4, 'scale': 0.2, 'rotate': 45, 'noise': 0.001, 'strategy': 'none'}
[2022-12-08 08:04:11] Evaluate_00: epoch = 0300 train time = 7 s train loss = 0.012401 train acc = 1.0000, test acc = 0.0855
Evaluate 1 random ConvNet, mean = 0.0855 std = 0.0000
-------------------------
[2022-12-08 08:04:31] iter = 0170, loss = 205.1641
-------------------------
Evaluation
model_train = ConvNet, model_eval = ConvNet, iteration = 180
DC augmentation parameters: 
 {'crop': 4, 'scale': 0.2, 'rotate': 45, 'noise': 0.001, 'strategy': 'none'}
[2022-12-08 08:07:33] Evaluate_00: epoch = 0300 train time = 7 s train loss = 0.012594 train acc = 1.0000, test acc = 0.0855
Evaluate 1 random ConvNet, mean = 0.0855 std = 0.0000
-------------------------
[2022-12-08 08:07:52] iter = 0180, loss = 212.5025
-------------------------
Evaluation
model_train = ConvNet, model_eval = ConvNet, iteration = 190
DC augmentation parameters: 
 {'crop': 4, 'scale': 0.2, 'rotate': 45, 'noise': 0.001, 'strategy': 'none'}
[2022-12-08 08:10:54] Evaluate_00: epoch = 0300 train time = 7 s train loss = 0.012918 train acc = 1.0000, test acc = 0.0835
Evaluate 1 random ConvNet, mean = 0.0835 std = 0.0000
-------------------------
[2022-12-08 08:11:14] iter = 0190, loss = 209.8778
-------------------------
Evaluation
model_train = ConvNet, model_eval = ConvNet, iteration = 200
DC augmentation parameters: 
 {'crop': 4, 'scale': 0.2, 'rotate': 45, 'noise': 0.001, 'strategy': 'none'}
[2022-12-08 08:14:16] Evaluate_00: epoch = 0300 train time = 7 s train loss = 0.012446 train acc = 1.0000, test acc = 0.0805
Evaluate 1 random ConvNet, mean = 0.0805 std = 0.0000
-------------------------
[2022-12-08 08:14:36] iter = 0200, loss = 206.1663
-------------------------
Evaluation
model_train = ConvNet, model_eval = ConvNet, iteration = 210
DC augmentation parameters: 
 {'crop': 4, 'scale': 0.2, 'rotate': 45, 'noise': 0.001, 'strategy': 'none'}
[2022-12-08 08:17:37] Evaluate_00: epoch = 0300 train time = 7 s train loss = 0.012937 train acc = 1.0000, test acc = 0.0880
Evaluate 1 random ConvNet, mean = 0.0880 std = 0.0000
-------------------------
[2022-12-08 08:17:57] iter = 0210, loss = 209.7978
-------------------------
Evaluation
model_train = ConvNet, model_eval = ConvNet, iteration = 220
DC augmentation parameters: 
 {'crop': 4, 'scale': 0.2, 'rotate': 45, 'noise': 0.001, 'strategy': 'none'}
[2022-12-08 08:20:59] Evaluate_00: epoch = 0300 train time = 7 s train loss = 0.012654 train acc = 1.0000, test acc = 0.0830
Evaluate 1 random ConvNet, mean = 0.0830 std = 0.0000
-------------------------
[2022-12-08 08:21:18] iter = 0220, loss = 214.0015
-------------------------
Evaluation
model_train = ConvNet, model_eval = ConvNet, iteration = 230
DC augmentation parameters: 
 {'crop': 4, 'scale': 0.2, 'rotate': 45, 'noise': 0.001, 'strategy': 'none'}
[2022-12-08 08:24:20] Evaluate_00: epoch = 0300 train time = 7 s train loss = 0.012822 train acc = 1.0000, test acc = 0.0855
Evaluate 1 random ConvNet, mean = 0.0855 std = 0.0000
-------------------------
[2022-12-08 08:24:40] iter = 0230, loss = 212.3485
-------------------------
Evaluation
model_train = ConvNet, model_eval = ConvNet, iteration = 240
DC augmentation parameters: 
 {'crop': 4, 'scale': 0.2, 'rotate': 45, 'noise': 0.001, 'strategy': 'none'}
[2022-12-08 08:27:42] Evaluate_00: epoch = 0300 train time = 7 s train loss = 0.013082 train acc = 1.0000, test acc = 0.0890
Evaluate 1 random ConvNet, mean = 0.0890 std = 0.0000
-------------------------
[2022-12-08 08:28:01] iter = 0240, loss = 206.2363
-------------------------
Evaluation
model_train = ConvNet, model_eval = ConvNet, iteration = 250
DC augmentation parameters: 
 {'crop': 4, 'scale': 0.2, 'rotate': 45, 'noise': 0.001, 'strategy': 'none'}
[2022-12-08 08:31:03] Evaluate_00: epoch = 0300 train time = 7 s train loss = 0.013077 train acc = 1.0000, test acc = 0.0835
Evaluate 1 random ConvNet, mean = 0.0835 std = 0.0000
-------------------------
[2022-12-08 08:31:22] iter = 0250, loss = 211.1480
-------------------------
Evaluation
model_train = ConvNet, model_eval = ConvNet, iteration = 260
DC augmentation parameters: 
 {'crop': 4, 'scale': 0.2, 'rotate': 45, 'noise': 0.001, 'strategy': 'none'}
[2022-12-08 08:34:24] Evaluate_00: epoch = 0300 train time = 7 s train loss = 0.012542 train acc = 1.0000, test acc = 0.0895
Evaluate 1 random ConvNet, mean = 0.0895 std = 0.0000
-------------------------
[2022-12-08 08:34:44] iter = 0260, loss = 207.7033
-------------------------
Evaluation
model_train = ConvNet, model_eval = ConvNet, iteration = 270
DC augmentation parameters: 
 {'crop': 4, 'scale': 0.2, 'rotate': 45, 'noise': 0.001, 'strategy': 'none'}
[2022-12-08 08:37:46] Evaluate_00: epoch = 0300 train time = 7 s train loss = 0.012775 train acc = 1.0000, test acc = 0.0770
Evaluate 1 random ConvNet, mean = 0.0770 std = 0.0000
-------------------------
[2022-12-08 08:38:06] iter = 0270, loss = 212.2686
-------------------------
Evaluation
model_train = ConvNet, model_eval = ConvNet, iteration = 280
DC augmentation parameters: 
 {'crop': 4, 'scale': 0.2, 'rotate': 45, 'noise': 0.001, 'strategy': 'none'}
[2022-12-08 08:41:08] Evaluate_00: epoch = 0300 train time = 7 s train loss = 0.012447 train acc = 1.0000, test acc = 0.0815
Evaluate 1 random ConvNet, mean = 0.0815 std = 0.0000
-------------------------
[2022-12-08 08:41:28] iter = 0280, loss = 206.1540
-------------------------
Evaluation
model_train = ConvNet, model_eval = ConvNet, iteration = 290
DC augmentation parameters: 
 {'crop': 4, 'scale': 0.2, 'rotate': 45, 'noise': 0.001, 'strategy': 'none'}
[2022-12-08 08:44:30] Evaluate_00: epoch = 0300 train time = 7 s train loss = 0.012760 train acc = 1.0000, test acc = 0.0825
Evaluate 1 random ConvNet, mean = 0.0825 std = 0.0000
-------------------------
[2022-12-08 08:44:50] iter = 0290, loss = 209.9017
-------------------------
Evaluation
model_train = ConvNet, model_eval = ConvNet, iteration = 300
DC augmentation parameters: 
 {'crop': 4, 'scale': 0.2, 'rotate': 45, 'noise': 0.001, 'strategy': 'none'}
[2022-12-08 08:47:52] Evaluate_00: epoch = 0300 train time = 7 s train loss = 0.012971 train acc = 1.0000, test acc = 0.0900
Evaluate 1 random ConvNet, mean = 0.0900 std = 0.0000
-------------------------
[2022-12-08 08:48:11] iter = 0300, loss = 206.3385

==================== Final Results ====================

Run 1 experiments, train on ConvNet, evaluate 1 random ConvNet, mean  = 9.00%  std = 0.00%
Files already downloaded and verified
Files already downloaded and verified

================== Exp 0 ==================
 
Hyper-parameters: 
 {'method': 'DC', 'dataset': 'CIFAR100_herding', 'model': 'ConvNet', 'ipc': 10, 'eval_mode': 'S', 'num_exp': 1, 'num_eval': 1, 'epoch_eval_train': 300, 'Iteration': 300, 'lr_img': 0.1, 'lr_net': 0.01, 'batch_real': 256, 'batch_train': 256, 'init': 'herding', 'dsa_strategy': 'None', 'data_path': '../data', 'save_path': 'result', 'dis_metric': 'ours', 'epsilon': 0.1, 'alpha': 0.05, 'outer_loop': 10, 'inner_loop': 50, 'device': 'cuda', 'dsa_param': <utils.ParamDiffAug object at 0x7ff75e70db40>, 'dsa': False, 'dc_aug_param': None}
Evaluation model pool:  ['ConvNet']
class c = 0: 500 real images
class c = 1: 500 real images
class c = 2: 500 real images
class c = 3: 500 real images
class c = 4: 500 real images
class c = 5: 500 real images
class c = 6: 500 real images
class c = 7: 500 real images
class c = 8: 500 real images
class c = 9: 500 real images
class c = 10: 500 real images
class c = 11: 500 real images
class c = 12: 500 real images
class c = 13: 500 real images
class c = 14: 500 real images
class c = 15: 500 real images
class c = 16: 500 real images
class c = 17: 500 real images
class c = 18: 500 real images
class c = 19: 500 real images
real images channel 0, mean = -0.0405, std = 0.9930
real images channel 1, mean = -0.0608, std = 0.9956
real images channel 2, mean = -0.0525, std = 0.9791
initialize synthetic data from selected images
[2022-12-08 08:48:17] training begins
-------------------------
Evaluation
model_train = ConvNet, model_eval = ConvNet, iteration = 0
DC augmentation parameters: 
 {'crop': 4, 'scale': 0.2, 'rotate': 45, 'noise': 0.001, 'strategy': 'none'}
[2022-12-08 08:48:25] Evaluate_00: epoch = 0300 train time = 7 s train loss = 0.013134 train acc = 1.0000, test acc = 0.0465
Evaluate 1 random ConvNet, mean = 0.0465 std = 0.0000
-------------------------
[2022-12-08 08:48:45] iter = 0000, loss = 224.9961
-------------------------
Evaluation
model_train = ConvNet, model_eval = ConvNet, iteration = 10
DC augmentation parameters: 
 {'crop': 4, 'scale': 0.2, 'rotate': 45, 'noise': 0.001, 'strategy': 'none'}
[2022-12-08 08:51:47] Evaluate_00: epoch = 0300 train time = 7 s train loss = 0.012658 train acc = 1.0000, test acc = 0.0660
Evaluate 1 random ConvNet, mean = 0.0660 std = 0.0000
-------------------------
[2022-12-08 08:52:06] iter = 0010, loss = 208.5219
-------------------------
Evaluation
model_train = ConvNet, model_eval = ConvNet, iteration = 20
DC augmentation parameters: 
 {'crop': 4, 'scale': 0.2, 'rotate': 45, 'noise': 0.001, 'strategy': 'none'}
[2022-12-08 08:55:08] Evaluate_00: epoch = 0300 train time = 7 s train loss = 0.012650 train acc = 1.0000, test acc = 0.0660
Evaluate 1 random ConvNet, mean = 0.0660 std = 0.0000
-------------------------
[2022-12-08 08:55:28] iter = 0020, loss = 213.8810
-------------------------
Evaluation
model_train = ConvNet, model_eval = ConvNet, iteration = 30
DC augmentation parameters: 
 {'crop': 4, 'scale': 0.2, 'rotate': 45, 'noise': 0.001, 'strategy': 'none'}
[2022-12-08 08:58:30] Evaluate_00: epoch = 0300 train time = 7 s train loss = 0.012837 train acc = 1.0000, test acc = 0.0700
Evaluate 1 random ConvNet, mean = 0.0700 std = 0.0000
-------------------------
[2022-12-08 08:58:49] iter = 0030, loss = 214.5595
-------------------------
Evaluation
model_train = ConvNet, model_eval = ConvNet, iteration = 40
DC augmentation parameters: 
 {'crop': 4, 'scale': 0.2, 'rotate': 45, 'noise': 0.001, 'strategy': 'none'}
[2022-12-08 09:01:51] Evaluate_00: epoch = 0300 train time = 7 s train loss = 0.012918 train acc = 1.0000, test acc = 0.0760
Evaluate 1 random ConvNet, mean = 0.0760 std = 0.0000
-------------------------
[2022-12-08 09:02:11] iter = 0040, loss = 212.9237
-------------------------
Evaluation
model_train = ConvNet, model_eval = ConvNet, iteration = 50
DC augmentation parameters: 
 {'crop': 4, 'scale': 0.2, 'rotate': 45, 'noise': 0.001, 'strategy': 'none'}
[2022-12-08 09:05:13] Evaluate_00: epoch = 0300 train time = 7 s train loss = 0.012882 train acc = 1.0000, test acc = 0.0700
Evaluate 1 random ConvNet, mean = 0.0700 std = 0.0000
-------------------------
[2022-12-08 09:05:32] iter = 0050, loss = 209.7289
-------------------------
Evaluation
model_train = ConvNet, model_eval = ConvNet, iteration = 60
DC augmentation parameters: 
 {'crop': 4, 'scale': 0.2, 'rotate': 45, 'noise': 0.001, 'strategy': 'none'}
[2022-12-08 09:08:34] Evaluate_00: epoch = 0300 train time = 7 s train loss = 0.013309 train acc = 1.0000, test acc = 0.0605
Evaluate 1 random ConvNet, mean = 0.0605 std = 0.0000
-------------------------
[2022-12-08 09:08:53] iter = 0060, loss = 208.5624
-------------------------
Evaluation
model_train = ConvNet, model_eval = ConvNet, iteration = 70
DC augmentation parameters: 
 {'crop': 4, 'scale': 0.2, 'rotate': 45, 'noise': 0.001, 'strategy': 'none'}
[2022-12-08 09:11:55] Evaluate_00: epoch = 0300 train time = 7 s train loss = 0.012501 train acc = 1.0000, test acc = 0.0710
Evaluate 1 random ConvNet, mean = 0.0710 std = 0.0000
-------------------------
[2022-12-08 09:12:14] iter = 0070, loss = 214.4992
-------------------------
Evaluation
model_train = ConvNet, model_eval = ConvNet, iteration = 80
DC augmentation parameters: 
 {'crop': 4, 'scale': 0.2, 'rotate': 45, 'noise': 0.001, 'strategy': 'none'}
[2022-12-08 09:15:16] Evaluate_00: epoch = 0300 train time = 7 s train loss = 0.012540 train acc = 1.0000, test acc = 0.0730
Evaluate 1 random ConvNet, mean = 0.0730 std = 0.0000
-------------------------
[2022-12-08 09:15:35] iter = 0080, loss = 215.7862
-------------------------
Evaluation
model_train = ConvNet, model_eval = ConvNet, iteration = 90
DC augmentation parameters: 
 {'crop': 4, 'scale': 0.2, 'rotate': 45, 'noise': 0.001, 'strategy': 'none'}
[2022-12-08 09:18:37] Evaluate_00: epoch = 0300 train time = 7 s train loss = 0.013077 train acc = 1.0000, test acc = 0.0680
Evaluate 1 random ConvNet, mean = 0.0680 std = 0.0000
-------------------------
[2022-12-08 09:18:57] iter = 0090, loss = 212.0939
-------------------------
Evaluation
model_train = ConvNet, model_eval = ConvNet, iteration = 100
DC augmentation parameters: 
 {'crop': 4, 'scale': 0.2, 'rotate': 45, 'noise': 0.001, 'strategy': 'none'}
[2022-12-08 09:21:59] Evaluate_00: epoch = 0300 train time = 7 s train loss = 0.012811 train acc = 1.0000, test acc = 0.0705
Evaluate 1 random ConvNet, mean = 0.0705 std = 0.0000
-------------------------
[2022-12-08 09:22:18] iter = 0100, loss = 209.9220
-------------------------
Evaluation
model_train = ConvNet, model_eval = ConvNet, iteration = 110
DC augmentation parameters: 
 {'crop': 4, 'scale': 0.2, 'rotate': 45, 'noise': 0.001, 'strategy': 'none'}
[2022-12-08 09:25:20] Evaluate_00: epoch = 0300 train time = 7 s train loss = 0.012491 train acc = 1.0000, test acc = 0.0700
Evaluate 1 random ConvNet, mean = 0.0700 std = 0.0000
-------------------------
[2022-12-08 09:25:39] iter = 0110, loss = 210.4003
-------------------------
Evaluation
model_train = ConvNet, model_eval = ConvNet, iteration = 120
DC augmentation parameters: 
 {'crop': 4, 'scale': 0.2, 'rotate': 45, 'noise': 0.001, 'strategy': 'none'}
[2022-12-08 09:28:41] Evaluate_00: epoch = 0300 train time = 7 s train loss = 0.013113 train acc = 1.0000, test acc = 0.0670
Evaluate 1 random ConvNet, mean = 0.0670 std = 0.0000
-------------------------
[2022-12-08 09:29:01] iter = 0120, loss = 212.6266
-------------------------
Evaluation
model_train = ConvNet, model_eval = ConvNet, iteration = 130
DC augmentation parameters: 
 {'crop': 4, 'scale': 0.2, 'rotate': 45, 'noise': 0.001, 'strategy': 'none'}
[2022-12-08 09:32:03] Evaluate_00: epoch = 0300 train time = 7 s train loss = 0.012433 train acc = 1.0000, test acc = 0.0715
Evaluate 1 random ConvNet, mean = 0.0715 std = 0.0000
-------------------------
[2022-12-08 09:32:22] iter = 0130, loss = 214.3739
-------------------------
Evaluation
model_train = ConvNet, model_eval = ConvNet, iteration = 140
DC augmentation parameters: 
 {'crop': 4, 'scale': 0.2, 'rotate': 45, 'noise': 0.001, 'strategy': 'none'}
[2022-12-08 09:35:24] Evaluate_00: epoch = 0300 train time = 7 s train loss = 0.012745 train acc = 1.0000, test acc = 0.0660
Evaluate 1 random ConvNet, mean = 0.0660 std = 0.0000
-------------------------
[2022-12-08 09:35:43] iter = 0140, loss = 213.9059
-------------------------
Evaluation
model_train = ConvNet, model_eval = ConvNet, iteration = 150
DC augmentation parameters: 
 {'crop': 4, 'scale': 0.2, 'rotate': 45, 'noise': 0.001, 'strategy': 'none'}
[2022-12-08 09:38:45] Evaluate_00: epoch = 0300 train time = 7 s train loss = 0.012410 train acc = 1.0000, test acc = 0.0740
Evaluate 1 random ConvNet, mean = 0.0740 std = 0.0000
-------------------------
[2022-12-08 09:39:05] iter = 0150, loss = 211.8946
-------------------------
Evaluation
model_train = ConvNet, model_eval = ConvNet, iteration = 160
DC augmentation parameters: 
 {'crop': 4, 'scale': 0.2, 'rotate': 45, 'noise': 0.001, 'strategy': 'none'}
[2022-12-08 09:42:07] Evaluate_00: epoch = 0300 train time = 7 s train loss = 0.012531 train acc = 1.0000, test acc = 0.0755
Evaluate 1 random ConvNet, mean = 0.0755 std = 0.0000
-------------------------
[2022-12-08 09:42:26] iter = 0160, loss = 212.5164
-------------------------
Evaluation
model_train = ConvNet, model_eval = ConvNet, iteration = 170
DC augmentation parameters: 
 {'crop': 4, 'scale': 0.2, 'rotate': 45, 'noise': 0.001, 'strategy': 'none'}
[2022-12-08 09:45:28] Evaluate_00: epoch = 0300 train time = 7 s train loss = 0.012989 train acc = 1.0000, test acc = 0.0755
Evaluate 1 random ConvNet, mean = 0.0755 std = 0.0000
-------------------------
[2022-12-08 09:45:47] iter = 0170, loss = 214.0439
-------------------------
Evaluation
model_train = ConvNet, model_eval = ConvNet, iteration = 180
DC augmentation parameters: 
 {'crop': 4, 'scale': 0.2, 'rotate': 45, 'noise': 0.001, 'strategy': 'none'}
[2022-12-08 09:48:50] Evaluate_00: epoch = 0300 train time = 7 s train loss = 0.012222 train acc = 1.0000, test acc = 0.0650
Evaluate 1 random ConvNet, mean = 0.0650 std = 0.0000
-------------------------
[2022-12-08 09:49:09] iter = 0180, loss = 210.6709
-------------------------
Evaluation
model_train = ConvNet, model_eval = ConvNet, iteration = 190
DC augmentation parameters: 
 {'crop': 4, 'scale': 0.2, 'rotate': 45, 'noise': 0.001, 'strategy': 'none'}
[2022-12-08 09:52:11] Evaluate_00: epoch = 0300 train time = 7 s train loss = 0.012781 train acc = 1.0000, test acc = 0.0645
Evaluate 1 random ConvNet, mean = 0.0645 std = 0.0000
-------------------------
[2022-12-08 09:52:30] iter = 0190, loss = 215.5008
-------------------------
Evaluation
model_train = ConvNet, model_eval = ConvNet, iteration = 200
DC augmentation parameters: 
 {'crop': 4, 'scale': 0.2, 'rotate': 45, 'noise': 0.001, 'strategy': 'none'}
[2022-12-08 09:55:32] Evaluate_00: epoch = 0300 train time = 7 s train loss = 0.012559 train acc = 1.0000, test acc = 0.0675
Evaluate 1 random ConvNet, mean = 0.0675 std = 0.0000
-------------------------
[2022-12-08 09:55:52] iter = 0200, loss = 213.3117
-------------------------
Evaluation
model_train = ConvNet, model_eval = ConvNet, iteration = 210
DC augmentation parameters: 
 {'crop': 4, 'scale': 0.2, 'rotate': 45, 'noise': 0.001, 'strategy': 'none'}
[2022-12-08 09:58:54] Evaluate_00: epoch = 0300 train time = 7 s train loss = 0.013010 train acc = 1.0000, test acc = 0.0700
Evaluate 1 random ConvNet, mean = 0.0700 std = 0.0000
-------------------------
[2022-12-08 09:59:13] iter = 0210, loss = 211.5617
-------------------------
Evaluation
model_train = ConvNet, model_eval = ConvNet, iteration = 220
DC augmentation parameters: 
 {'crop': 4, 'scale': 0.2, 'rotate': 45, 'noise': 0.001, 'strategy': 'none'}
[2022-12-08 10:02:15] Evaluate_00: epoch = 0300 train time = 7 s train loss = 0.012730 train acc = 1.0000, test acc = 0.0670
Evaluate 1 random ConvNet, mean = 0.0670 std = 0.0000
-------------------------
[2022-12-08 10:02:35] iter = 0220, loss = 212.0842
-------------------------
Evaluation
model_train = ConvNet, model_eval = ConvNet, iteration = 230
DC augmentation parameters: 
 {'crop': 4, 'scale': 0.2, 'rotate': 45, 'noise': 0.001, 'strategy': 'none'}
[2022-12-08 10:05:37] Evaluate_00: epoch = 0300 train time = 7 s train loss = 0.013203 train acc = 1.0000, test acc = 0.0665
Evaluate 1 random ConvNet, mean = 0.0665 std = 0.0000
-------------------------
[2022-12-08 10:05:56] iter = 0230, loss = 212.2031
-------------------------
Evaluation
model_train = ConvNet, model_eval = ConvNet, iteration = 240
DC augmentation parameters: 
 {'crop': 4, 'scale': 0.2, 'rotate': 45, 'noise': 0.001, 'strategy': 'none'}
[2022-12-08 10:08:59] Evaluate_00: epoch = 0300 train time = 7 s train loss = 0.012897 train acc = 1.0000, test acc = 0.0750
Evaluate 1 random ConvNet, mean = 0.0750 std = 0.0000
-------------------------
[2022-12-08 10:09:18] iter = 0240, loss = 213.6015
-------------------------
Evaluation
model_train = ConvNet, model_eval = ConvNet, iteration = 250
DC augmentation parameters: 
 {'crop': 4, 'scale': 0.2, 'rotate': 45, 'noise': 0.001, 'strategy': 'none'}
[2022-12-08 10:12:21] Evaluate_00: epoch = 0300 train time = 7 s train loss = 0.013147 train acc = 1.0000, test acc = 0.0705
Evaluate 1 random ConvNet, mean = 0.0705 std = 0.0000
-------------------------
[2022-12-08 10:12:40] iter = 0250, loss = 208.8448
-------------------------
Evaluation
model_train = ConvNet, model_eval = ConvNet, iteration = 260
DC augmentation parameters: 
 {'crop': 4, 'scale': 0.2, 'rotate': 45, 'noise': 0.001, 'strategy': 'none'}
[2022-12-08 10:15:43] Evaluate_00: epoch = 0300 train time = 7 s train loss = 0.012634 train acc = 1.0000, test acc = 0.0745
Evaluate 1 random ConvNet, mean = 0.0745 std = 0.0000
-------------------------
[2022-12-08 10:16:02] iter = 0260, loss = 217.3372
-------------------------
Evaluation
model_train = ConvNet, model_eval = ConvNet, iteration = 270
DC augmentation parameters: 
 {'crop': 4, 'scale': 0.2, 'rotate': 45, 'noise': 0.001, 'strategy': 'none'}
[2022-12-08 10:19:05] Evaluate_00: epoch = 0300 train time = 7 s train loss = 0.012665 train acc = 1.0000, test acc = 0.0695
Evaluate 1 random ConvNet, mean = 0.0695 std = 0.0000
-------------------------
[2022-12-08 10:19:24] iter = 0270, loss = 216.3059
-------------------------
Evaluation
model_train = ConvNet, model_eval = ConvNet, iteration = 280
DC augmentation parameters: 
 {'crop': 4, 'scale': 0.2, 'rotate': 45, 'noise': 0.001, 'strategy': 'none'}
[2022-12-08 10:22:27] Evaluate_00: epoch = 0300 train time = 7 s train loss = 0.013107 train acc = 1.0000, test acc = 0.0705
Evaluate 1 random ConvNet, mean = 0.0705 std = 0.0000
-------------------------
[2022-12-08 10:22:46] iter = 0280, loss = 210.5463
-------------------------
Evaluation
model_train = ConvNet, model_eval = ConvNet, iteration = 290
DC augmentation parameters: 
 {'crop': 4, 'scale': 0.2, 'rotate': 45, 'noise': 0.001, 'strategy': 'none'}
[2022-12-08 10:25:49] Evaluate_00: epoch = 0300 train time = 7 s train loss = 0.012981 train acc = 1.0000, test acc = 0.0780
Evaluate 1 random ConvNet, mean = 0.0780 std = 0.0000
-------------------------
[2022-12-08 10:26:08] iter = 0290, loss = 216.9146
-------------------------
Evaluation
model_train = ConvNet, model_eval = ConvNet, iteration = 300
DC augmentation parameters: 
 {'crop': 4, 'scale': 0.2, 'rotate': 45, 'noise': 0.001, 'strategy': 'none'}
[2022-12-08 10:29:11] Evaluate_00: epoch = 0300 train time = 7 s train loss = 0.012465 train acc = 1.0000, test acc = 0.0695
Evaluate 1 random ConvNet, mean = 0.0695 std = 0.0000
-------------------------
[2022-12-08 10:29:30] iter = 0300, loss = 211.7122

==================== Final Results ====================

Run 1 experiments, train on ConvNet, evaluate 1 random ConvNet, mean  = 6.95%  std = 0.00%
